<?xml version="1.0" encoding="UTF-8"?>
<testng-results ignored="0" total="1" passed="1" failed="0" skipped="0">
  <reporter-output>
  </reporter-output>
  <suite started-at="2025-06-04T11:33:43 WIB" name="Suite Test Web Ecommerce" finished-at="2025-06-04T11:34:21 WIB" duration-ms="37433">
    <groups>
    </groups>
    <test started-at="2025-06-04T11:33:43 WIB" name="Drag Drop Test" finished-at="2025-06-04T11:34:21 WIB" duration-ms="37433">
      <class name="com.juaracoding.test.DragDropTest">
        <test-method is-config="true" signature="setup()[pri:0, instance:com.juaracoding.test.DragDropTest@192d43ce]" started-at="2025-06-04T11:33:43 WIB" name="setup" finished-at="2025-06-04T11:33:43 WIB" duration-ms="0" status="PASS">
          <reporter-output>
          </reporter-output>
        </test-method> <!-- setup -->
        <test-method is-config="true" signature="init(java.lang.String)[pri:0, instance:com.juaracoding.test.DragDropTest@192d43ce]" started-at="2025-06-04T11:33:43 WIB" name="init" finished-at="2025-06-04T11:33:45 WIB" duration-ms="1532" status="PASS">
          <params>
            <param index="0">
              <value>
                <![CDATA[http://www.dhtmlgoodies.com/scripts/drag-drop-custom/demo-drag-drop-3.html]]>
              </value>
            </param>
          </params>
          <reporter-output>
          </reporter-output>
        </test-method> <!-- init -->
        <test-method signature="mingguO2Test()[pri:0, instance:com.juaracoding.test.DragDropTest@192d43ce]" started-at="2025-06-04T11:33:45 WIB" name="mingguO2Test" finished-at="2025-06-04T11:34:21 WIB" duration-ms="35864" status="PASS">
          <reporter-output>
          </reporter-output>
        </test-method> <!-- mingguO2Test -->
      </class> <!-- com.juaracoding.test.DragDropTest -->
      <class name="com.juaracoding.test.Hook">
        <test-method is-config="true" signature="initialize(java.lang.String)[pri:0, instance:com.juaracoding.test.Hook@3d74bf60]" started-at="2025-06-04T11:33:39 WIB" name="initialize" finished-at="2025-06-04T11:33:43 WIB" duration-ms="4248" status="PASS">
          <params>
            <param index="0">
              <value>
                <![CDATA[http://www.dhtmlgoodies.com/scripts/drag-drop-custom/demo-drag-drop-3.html]]>
              </value>
            </param>
          </params>
          <reporter-output>
          </reporter-output>
        </test-method> <!-- initialize -->
        <test-method is-config="true" signature="finalTearDown()[pri:0, instance:com.juaracoding.test.Hook@3d74bf60]" started-at="2025-06-04T11:34:21 WIB" name="finalTearDown" finished-at="2025-06-04T11:34:21 WIB" duration-ms="220" status="PASS">
          <reporter-output>
          </reporter-output>
        </test-method> <!-- finalTearDown -->
      </class> <!-- com.juaracoding.test.Hook -->
    </test> <!-- Drag Drop Test -->
  </suite> <!-- Suite Test Web Ecommerce -->
</testng-results>
