<?xml version="1.0" encoding="UTF-8"?>
<!-- Generated by org.testng.reporters.JUnitXMLReporter -->
<testsuite ignored="1" hostname="LAPTOP-CMLD7JFM" failures="0" tests="1" name="Drag Drop Test" time="37.433" errors="0" timestamp="2025-06-04T11:34:21 WIB">
  <testcase classname="com.juaracoding.test.DragDropTest" name="mingguO2Test" time="35.864"/>
  <testcase classname="com.juaracoding.test.DragDropTest" name="testStep01" time="0.0">
    <ignored/>
  </testcase> <!-- testStep01 -->
</testsuite> <!-- Drag Drop Test -->
